Command line invocation:
    2025-05-15 23:40:22.954 xcodebuild[48530:8984178]  DVTDeviceOperation: Encountered a build number "" that is incompatible with DVTBuildVersion.
/Applications/Xcode.app/Contents/Developer/usr/bin/xcodebuild build -project /Users/achrip/projects/Academy/SwiftRide/SwiftRide.xcodeproj -scheme SwiftRide -destination id=54DBDDE2-DDB1-4CA6-BBC6-07F1F4F513A2 -resultBundlePath /Users/achrip/projects/Academy/SwiftRide/.nvim/xcodebuild/build.xcresult -parallelizeTargets

2025-05-15 23:40:23.084 xcodebuild[48530:8984110] [MT] DVTDeviceOperation: Encountered a build number "" that is incompatible with DVTBuildVersion.
Writing result bundle at path:
	/Users/achrip/projects/Academy/SwiftRide/.nvim/xcodebuild/build.xcresult

--- xcodebuild: WARNING: Using the first of multiple matching destinations:
{ platform:iOS Simulator, arch:arm64, id:54DBDDE2-DDB1-4CA6-BBC6-07F1F4F513A2, OS:18.3.1, name:iPhone 16 }
{ platform:iOS Simulator, arch:x86_64, id:54DBDDE2-DDB1-4CA6-BBC6-07F1F4F513A2, OS:18.3.1, name:iPhone 16 }
ComputePackagePrebuildTargetDependencyGraph

Prepare packages

CreateBuildRequest

SendProjectDescription

CreateBuildOperation

ComputeTargetDependencyGraph
note: Building targets in dependency order
note: Target dependency graph (1 target)
    Target 'SwiftRide' in project 'SwiftRide' (no dependencies)

GatherProvisioningInputs

CreateBuildDescription

ExecuteExternalTool /Applications/Xcode.app/Contents/Developer/Toolchains/XcodeDefault.xctoolchain/usr/bin/clang -v -E -dM -isysroot /Applications/Xcode.app/Contents/Developer/Platforms/iPhoneSimulator.platform/Developer/SDKs/iPhoneSimulator18.4.sdk -x c -c /dev/null

ExecuteExternalTool /Applications/Xcode.app/Contents/Developer/usr/bin/actool --print-asset-tag-combinations --output-format xml1 /Users/achrip/projects/Academy/SwiftRide/SwiftRide/Assets.xcassets /Users/achrip/projects/Academy/SwiftRide/SwiftRide/Preview Content/Preview Assets.xcassets

ExecuteExternalTool /Applications/Xcode.app/Contents/Developer/usr/bin/actool --version --output-format xml1

ExecuteExternalTool /Applications/Xcode.app/Contents/Developer/Toolchains/XcodeDefault.xctoolchain/usr/bin/swiftc --version

ExecuteExternalTool /Applications/Xcode.app/Contents/Developer/Toolchains/XcodeDefault.xctoolchain/usr/bin/ld -version_details

Build description signature: cce0c0e48761d06b2f0a97fefef31c09
Build description path: /Users/achrip/Library/Developer/Xcode/DerivedData/SwiftRide-auaqlnqxkcwmmqbhqbatlebbrlkx/Build/Intermediates.noindex/XCBuildData/cce0c0e48761d06b2f0a97fefef31c09.xcbuilddata
ClangStatCache /Applications/Xcode.app/Contents/Developer/Toolchains/XcodeDefault.xctoolchain/usr/bin/clang-stat-cache /Applications/Xcode.app/Contents/Developer/Platforms/iPhoneSimulator.platform/Developer/SDKs/iPhoneSimulator18.4.sdk /Users/achrip/Library/Developer/Xcode/DerivedData/SDKStatCaches.noindex/iphonesimulator18.4-22E235-71825a6d136aa4733edcbe86ece5525b.sdkstatcache
    cd /Users/achrip/projects/Academy/SwiftRide/SwiftRide.xcodeproj
    /Applications/Xcode.app/Contents/Developer/Toolchains/XcodeDefault.xctoolchain/usr/bin/clang-stat-cache /Applications/Xcode.app/Contents/Developer/Platforms/iPhoneSimulator.platform/Developer/SDKs/iPhoneSimulator18.4.sdk -o /Users/achrip/Library/Developer/Xcode/DerivedData/SDKStatCaches.noindex/iphonesimulator18.4-22E235-71825a6d136aa4733edcbe86ece5525b.sdkstatcache

WriteAuxiliaryFile /Users/achrip/Library/Developer/Xcode/DerivedData/SwiftRide-auaqlnqxkcwmmqbhqbatlebbrlkx/Build/Intermediates.noindex/SwiftRide.build/Debug-iphonesimulator/SwiftRide.build/Objects-normal/arm64/SwiftRide.SwiftFileList (in target 'SwiftRide' from project 'SwiftRide')
    cd /Users/achrip/projects/Academy/SwiftRide
    write-file /Users/achrip/Library/Developer/Xcode/DerivedData/SwiftRide-auaqlnqxkcwmmqbhqbatlebbrlkx/Build/Intermediates.noindex/SwiftRide.build/Debug-iphonesimulator/SwiftRide.build/Objects-normal/arm64/SwiftRide.SwiftFileList

WriteAuxiliaryFile /Users/achrip/Library/Developer/Xcode/DerivedData/SwiftRide-auaqlnqxkcwmmqbhqbatlebbrlkx/Build/Intermediates.noindex/SwiftRide.build/Debug-iphonesimulator/SwiftRide.build/Objects-normal/arm64/SwiftRide.SwiftConstValuesFileList (in target 'SwiftRide' from project 'SwiftRide')
    cd /Users/achrip/projects/Academy/SwiftRide
    write-file /Users/achrip/Library/Developer/Xcode/DerivedData/SwiftRide-auaqlnqxkcwmmqbhqbatlebbrlkx/Build/Intermediates.noindex/SwiftRide.build/Debug-iphonesimulator/SwiftRide.build/Objects-normal/arm64/SwiftRide.SwiftConstValuesFileList

WriteAuxiliaryFile /Users/achrip/Library/Developer/Xcode/DerivedData/SwiftRide-auaqlnqxkcwmmqbhqbatlebbrlkx/Build/Intermediates.noindex/SwiftRide.build/Debug-iphonesimulator/SwiftRide.build/Objects-normal/arm64/SwiftRide-OutputFileMap.json (in target 'SwiftRide' from project 'SwiftRide')
    cd /Users/achrip/projects/Academy/SwiftRide
    write-file /Users/achrip/Library/Developer/Xcode/DerivedData/SwiftRide-auaqlnqxkcwmmqbhqbatlebbrlkx/Build/Intermediates.noindex/SwiftRide.build/Debug-iphonesimulator/SwiftRide.build/Objects-normal/arm64/SwiftRide-OutputFileMap.json

WriteAuxiliaryFile /Users/achrip/Library/Developer/Xcode/DerivedData/SwiftRide-auaqlnqxkcwmmqbhqbatlebbrlkx/Build/Intermediates.noindex/SwiftRide.build/Debug-iphonesimulator/SwiftRide.build/Objects-normal/arm64/SwiftRide.LinkFileList (in target 'SwiftRide' from project 'SwiftRide')
    cd /Users/achrip/projects/Academy/SwiftRide
    write-file /Users/achrip/Library/Developer/Xcode/DerivedData/SwiftRide-auaqlnqxkcwmmqbhqbatlebbrlkx/Build/Intermediates.noindex/SwiftRide.build/Debug-iphonesimulator/SwiftRide.build/Objects-normal/arm64/SwiftRide.LinkFileList

ProcessProductPackaging "" /Users/achrip/Library/Developer/Xcode/DerivedData/SwiftRide-auaqlnqxkcwmmqbhqbatlebbrlkx/Build/Intermediates.noindex/SwiftRide.build/Debug-iphonesimulator/SwiftRide.build/SwiftRide.app-Simulated.xcent (in target 'SwiftRide' from project 'SwiftRide')
    cd /Users/achrip/projects/Academy/SwiftRide
    
    Entitlements:
    
    {
    "application-identifier" = "KNG572S59L.com.ccone-seven.SwiftRide";
}
    
    builtin-productPackagingUtility -entitlements -format xml -o /Users/achrip/Library/Developer/Xcode/DerivedData/SwiftRide-auaqlnqxkcwmmqbhqbatlebbrlkx/Build/Intermediates.noindex/SwiftRide.build/Debug-iphonesimulator/SwiftRide.build/SwiftRide.app-Simulated.xcent

ProcessProductPackagingDER /Users/achrip/Library/Developer/Xcode/DerivedData/SwiftRide-auaqlnqxkcwmmqbhqbatlebbrlkx/Build/Intermediates.noindex/SwiftRide.build/Debug-iphonesimulator/SwiftRide.build/SwiftRide.app-Simulated.xcent /Users/achrip/Library/Developer/Xcode/DerivedData/SwiftRide-auaqlnqxkcwmmqbhqbatlebbrlkx/Build/Intermediates.noindex/SwiftRide.build/Debug-iphonesimulator/SwiftRide.build/SwiftRide.app-Simulated.xcent.der (in target 'SwiftRide' from project 'SwiftRide')
    cd /Users/achrip/projects/Academy/SwiftRide
    /usr/bin/derq query -f xml -i /Users/achrip/Library/Developer/Xcode/DerivedData/SwiftRide-auaqlnqxkcwmmqbhqbatlebbrlkx/Build/Intermediates.noindex/SwiftRide.build/Debug-iphonesimulator/SwiftRide.build/SwiftRide.app-Simulated.xcent -o /Users/achrip/Library/Developer/Xcode/DerivedData/SwiftRide-auaqlnqxkcwmmqbhqbatlebbrlkx/Build/Intermediates.noindex/SwiftRide.build/Debug-iphonesimulator/SwiftRide.build/SwiftRide.app-Simulated.xcent.der --raw

SwiftDriver SwiftRide normal arm64 com.apple.xcode.tools.swift.compiler (in target 'SwiftRide' from project 'SwiftRide')
    cd /Users/achrip/projects/Academy/SwiftRide
    builtin-SwiftDriver -- /Applications/Xcode.app/Contents/Developer/Toolchains/XcodeDefault.xctoolchain/usr/bin/swiftc -module-name SwiftRide -Onone -enforce-exclusivity\=checked @/Users/achrip/Library/Developer/Xcode/DerivedData/SwiftRide-auaqlnqxkcwmmqbhqbatlebbrlkx/Build/Intermediates.noindex/SwiftRide.build/Debug-iphonesimulator/SwiftRide.build/Objects-normal/arm64/SwiftRide.SwiftFileList -DDEBUG -enable-bare-slash-regex -enable-experimental-feature DebugDescriptionMacro -sdk /Applications/Xcode.app/Contents/Developer/Platforms/iPhoneSimulator.platform/Developer/SDKs/iPhoneSimulator18.4.sdk -target arm64-apple-ios17.6-simulator -g -module-cache-path /Users/achrip/Library/Developer/Xcode/DerivedData/ModuleCache.noindex -Xfrontend -serialize-debugging-options -profile-coverage-mapping -profile-generate -enable-testing -index-store-path /Users/achrip/Library/Developer/Xcode/DerivedData/SwiftRide-auaqlnqxkcwmmqbhqbatlebbrlkx/Index.noindex/DataStore -swift-version 5 -I /Users/achrip/Library/Developer/Xcode/DerivedData/SwiftRide-auaqlnqxkcwmmqbhqbatlebbrlkx/Build/Products/Debug-iphonesimulator -F /Users/achrip/Library/Developer/Xcode/DerivedData/SwiftRide-auaqlnqxkcwmmqbhqbatlebbrlkx/Build/Products/Debug-iphonesimulator -emit-localized-strings -emit-localized-strings-path /Users/achrip/Library/Developer/Xcode/DerivedData/SwiftRide-auaqlnqxkcwmmqbhqbatlebbrlkx/Build/Intermediates.noindex/SwiftRide.build/Debug-iphonesimulator/SwiftRide.build/Objects-normal/arm64 -c -j14 -enable-batch-mode -incremental -Xcc -ivfsstatcache -Xcc /Users/achrip/Library/Developer/Xcode/DerivedData/SDKStatCaches.noindex/iphonesimulator18.4-22E235-71825a6d136aa4733edcbe86ece5525b.sdkstatcache -output-file-map /Users/achrip/Library/Developer/Xcode/DerivedData/SwiftRide-auaqlnqxkcwmmqbhqbatlebbrlkx/Build/Intermediates.noindex/SwiftRide.build/Debug-iphonesimulator/SwiftRide.build/Objects-normal/arm64/SwiftRide-OutputFileMap.json -use-frontend-parseable-output -save-temps -no-color-diagnostics -serialize-diagnostics -emit-dependencies -emit-module -emit-module-path /Users/achrip/Library/Developer/Xcode/DerivedData/SwiftRide-auaqlnqxkcwmmqbhqbatlebbrlkx/Build/Intermediates.noindex/SwiftRide.build/Debug-iphonesimulator/SwiftRide.build/Objects-normal/arm64/SwiftRide.swiftmodule -validate-clang-modules-once -clang-build-session-file /Users/achrip/Library/Developer/Xcode/DerivedData/ModuleCache.noindex/Session.modulevalidation -Xcc -I/Users/achrip/Library/Developer/Xcode/DerivedData/SwiftRide-auaqlnqxkcwmmqbhqbatlebbrlkx/Build/Intermediates.noindex/SwiftRide.build/Debug-iphonesimulator/SwiftRide.build/swift-overrides.hmap -emit-const-values -Xfrontend -const-gather-protocols-file -Xfrontend /Users/achrip/Library/Developer/Xcode/DerivedData/SwiftRide-auaqlnqxkcwmmqbhqbatlebbrlkx/Build/Intermediates.noindex/SwiftRide.build/Debug-iphonesimulator/SwiftRide.build/Objects-normal/arm64/SwiftRide_const_extract_protocols.json -Xcc -iquote -Xcc /Users/achrip/Library/Developer/Xcode/DerivedData/SwiftRide-auaqlnqxkcwmmqbhqbatlebbrlkx/Build/Intermediates.noindex/SwiftRide.build/Debug-iphonesimulator/SwiftRide.build/SwiftRide-generated-files.hmap -Xcc -I/Users/achrip/Library/Developer/Xcode/DerivedData/SwiftRide-auaqlnqxkcwmmqbhqbatlebbrlkx/Build/Intermediates.noindex/SwiftRide.build/Debug-iphonesimulator/SwiftRide.build/SwiftRide-own-target-headers.hmap -Xcc -I/Users/achrip/Library/Developer/Xcode/DerivedData/SwiftRide-auaqlnqxkcwmmqbhqbatlebbrlkx/Build/Intermediates.noindex/SwiftRide.build/Debug-iphonesimulator/SwiftRide.build/SwiftRide-all-target-headers.hmap -Xcc -iquote -Xcc /Users/achrip/Library/Developer/Xcode/DerivedData/SwiftRide-auaqlnqxkcwmmqbhqbatlebbrlkx/Build/Intermediates.noindex/SwiftRide.build/Debug-iphonesimulator/SwiftRide.build/SwiftRide-project-headers.hmap -Xcc -I/Users/achrip/Library/Developer/Xcode/DerivedData/SwiftRide-auaqlnqxkcwmmqbhqbatlebbrlkx/Build/Products/Debug-iphonesimulator/include -Xcc -I/Users/achrip/Library/Developer/Xcode/DerivedData/SwiftRide-auaqlnqxkcwmmqbhqbatlebbrlkx/Build/Intermediates.noindex/SwiftRide.build/Debug-iphonesimulator/SwiftRide.build/DerivedSources-normal/arm64 -Xcc -I/Users/achrip/Library/Developer/Xcode/DerivedData/SwiftRide-auaqlnqxkcwmmqbhqbatlebbrlkx/Build/Intermediates.noindex/SwiftRide.build/Debug-iphonesimulator/SwiftRide.build/DerivedSources/arm64 -Xcc -I/Users/achrip/Library/Developer/Xcode/DerivedData/SwiftRide-auaqlnqxkcwmmqbhqbatlebbrlkx/Build/Intermediates.noindex/SwiftRide.build/Debug-iphonesimulator/SwiftRide.build/DerivedSources -Xcc -DDEBUG\=1 -emit-objc-header -emit-objc-header-path /Users/achrip/Library/Developer/Xcode/DerivedData/SwiftRide-auaqlnqxkcwmmqbhqbatlebbrlkx/Build/Intermediates.noindex/SwiftRide.build/Debug-iphonesimulator/SwiftRide.build/Objects-normal/arm64/SwiftRide-Swift.h -working-directory /Users/achrip/projects/Academy/SwiftRide -experimental-emit-module-separately -disable-cmo

SwiftEmitModule normal arm64 Emitting\ module\ for\ SwiftRide (in target 'SwiftRide' from project 'SwiftRide')

EmitSwiftModule normal arm64 (in target 'SwiftRide' from project 'SwiftRide')
    cd /Users/achrip/projects/Academy/SwiftRide
    

** BUILD FAILED **


The following build commands failed:
	SwiftCompile normal arm64 Compiling\ DijkstraPathFinder.swift /Users/achrip/projects/Academy/SwiftRide/SwiftRide/Core/Navigation/DijkstraPathFinder.swift (in target 'SwiftRide' from project 'SwiftRide')
	SwiftCompile normal arm64 /Users/achrip/projects/Academy/SwiftRide/SwiftRide/Core/Navigation/DijkstraPathFinder.swift (in target 'SwiftRide' from project 'SwiftRide')
	Building project SwiftRide with scheme SwiftRide
(3 failures)
SwiftCompile normal arm64 Compiling\ DijkstraPathFinder.swift /Users/achrip/projects/Academy/SwiftRide/SwiftRide/Core/Navigation/DijkstraPathFinder.swift (in target 'SwiftRide' from project 'SwiftRide')
Failed frontend command:
/Applications/Xcode.app/Contents/Developer/Toolchains/XcodeDefault.xctoolchain/usr/bin/swift-frontend -frontend -c /Users/achrip/projects/Academy/SwiftRide/SwiftRide/Core/Components/SearchBar/BaseSearchBar.swift /Users/achrip/projects/Academy/SwiftRide/SwiftRide/Model/BusSchedule.swift /Users/achrip/projects/Academy/SwiftRide/SwiftRide/Model/Bus.swift /Users/achrip/projects/Academy/SwiftRide/SwiftRide/SwiftRideApp.swift /Users/achrip/projects/Academy/SwiftRide/SwiftRide/Pages/RouteSelection/RouteSelectionView.swift /Users/achrip/projects/Academy/SwiftRide/SwiftRide/RouteFinder.swift /Users/achrip/projects/Academy/SwiftRide/SwiftRide/Core/Color/ColorSettings.swift /Users/achrip/projects/Academy/SwiftRide/SwiftRide/LocationManager.swift /Users/achrip/projects/Academy/SwiftRide/SwiftRide/Pages/RouteDetail/RouteDetailView.swift /Users/achrip/projects/Academy/SwiftRide/SwiftRide/Pages/Map/MapView.swift /Users/achrip/projects/Academy/SwiftRide/SwiftRide/Pages/Sheet/BusStop/BusStopViewModel.swift /Users/achrip/projects/Academy/SwiftRide/SwiftRide/Pages/Dummy/Test/Test.swift /Users/achrip/projects/Academy/SwiftRide/SwiftRide/Core/Navigation/RouteGraphBuilder.swift /Users/achrip/projects/Academy/SwiftRide/SwiftRide/Pages/Sheet/BusStop/BusStopView.swift /Users/achrip/projects/Academy/SwiftRide/SwiftRide/Pages/Dummy/Test/PathFinderView.swift /Users/achrip/projects/Academy/SwiftRide/SwiftRide/Core/Navigation/GraphNode.swift /Users/achrip/projects/Academy/SwiftRide/SwiftRide/Model/Stops.swift -primary-file /Users/achrip/projects/Academy/SwiftRide/SwiftRide/Core/Navigation/DijkstraPathFinder.swift /Users/achrip/projects/Academy/SwiftRide/SwiftRide/Model/Schedules.swift /Users/achrip/projects/Academy/SwiftRide/SwiftRide/Pages/Sheet/BusRoute/BusRouteView.swift /Users/achrip/projects/Academy/SwiftRide/SwiftRide/Model/Routes.swift /Users/achrip/projects/Academy/SwiftRide/SwiftRide/Core/Components/StopAnnotation/StopAnnotation.swift /Users/achrip/projects/Academy/SwiftRide/SwiftRide/Model/Connections.swift /Users/achrip/projects/Academy/SwiftRide/SwiftRide/Pages/Sheet/Base/BaseSheetViewModel.swift /Users/achrip/projects/Academy/SwiftRide/SwiftRide/Model/BusStop.swift /Users/achrip/projects/Academy/SwiftRide/SwiftRide/Pages/Sheet/Base/BaseSheetView.swift /Users/achrip/Library/Developer/Xcode/DerivedData/SwiftRide-auaqlnqxkcwmmqbhqbatlebbrlkx/Build/Intermediates.noindex/SwiftRide.build/Debug-iphonesimulator/SwiftRide.build/DerivedSources/GeneratedAssetSymbols.swift -emit-dependencies-path /Users/achrip/Library/Developer/Xcode/DerivedData/SwiftRide-auaqlnqxkcwmmqbhqbatlebbrlkx/Build/Intermediates.noindex/SwiftRide.build/Debug-iphonesimulator/SwiftRide.build/Objects-normal/arm64/DijkstraPathFinder.d -emit-const-values-path /Users/achrip/Library/Developer/Xcode/DerivedData/SwiftRide-auaqlnqxkcwmmqbhqbatlebbrlkx/Build/Intermediates.noindex/SwiftRide.build/Debug-iphonesimulator/SwiftRide.build/Objects-normal/arm64/DijkstraPathFinder.swiftconstvalues -emit-reference-dependencies-path /Users/achrip/Library/Developer/Xcode/DerivedData/SwiftRide-auaqlnqxkcwmmqbhqbatlebbrlkx/Build/Intermediates.noindex/SwiftRide.build/Debug-iphonesimulator/SwiftRide.build/Objects-normal/arm64/DijkstraPathFinder.swiftdeps -serialize-diagnostics-path /Users/achrip/Library/Developer/Xcode/DerivedData/SwiftRide-auaqlnqxkcwmmqbhqbatlebbrlkx/Build/Intermediates.noindex/SwiftRide.build/Debug-iphonesimulator/SwiftRide.build/Objects-normal/arm64/DijkstraPathFinder.dia -emit-localized-strings -emit-localized-strings-path /Users/achrip/Library/Developer/Xcode/DerivedData/SwiftRide-auaqlnqxkcwmmqbhqbatlebbrlkx/Build/Intermediates.noindex/SwiftRide.build/Debug-iphonesimulator/SwiftRide.build/Objects-normal/arm64 -target arm64-apple-ios17.6-simulator -Xllvm -aarch64-use-tbi -enable-objc-interop -sdk /Applications/Xcode.app/Contents/Developer/Platforms/iPhoneSimulator.platform/Developer/SDKs/iPhoneSimulator18.4.sdk -I /Users/achrip/Library/Developer/Xcode/DerivedData/SwiftRide-auaqlnqxkcwmmqbhqbatlebbrlkx/Build/Products/Debug-iphonesimulator -F /Users/achrip/Library/Developer/Xcode/DerivedData/SwiftRide-auaqlnqxkcwmmqbhqbatlebbrlkx/Build/Products/Debug-iphonesimulator -no-color-diagnostics -enable-testing -g -debug-info-format\=dwarf -dwarf-version\=4 -module-cache-path /Users/achrip/Library/Developer/Xcode/DerivedData/ModuleCache.noindex -profile-generate -profile-coverage-mapping -swift-version 5 -enforce-exclusivity\=checked -Onone -D DEBUG -serialize-debugging-options -const-gather-protocols-file /Users/achrip/Library/Developer/Xcode/DerivedData/SwiftRide-auaqlnqxkcwmmqbhqbatlebbrlkx/Build/Intermediates.noindex/SwiftRide.build/Debug-iphonesimulator/SwiftRide.build/Objects-normal/arm64/SwiftRide_const_extract_protocols.json -enable-experimental-feature DebugDescriptionMacro -enable-bare-slash-regex -empty-abi-descriptor -validate-clang-modules-once -clang-build-session-file /Users/achrip/Library/Developer/Xcode/DerivedData/ModuleCache.noindex/Session.modulevalidation -Xcc -working-directory -Xcc /Users/achrip/projects/Academy/SwiftRide -resource-dir /Applications/Xcode.app/Contents/Developer/Toolchains/XcodeDefault.xctoolchain/usr/lib/swift -enable-anonymous-context-mangled-names -file-compilation-dir /Users/achrip/projects/Academy/SwiftRide -Xcc -ivfsstatcache -Xcc /Users/achrip/Library/Developer/Xcode/DerivedData/SDKStatCaches.noindex/iphonesimulator18.4-22E235-71825a6d136aa4733edcbe86ece5525b.sdkstatcache -Xcc -I/Users/achrip/Library/Developer/Xcode/DerivedData/SwiftRide-auaqlnqxkcwmmqbhqbatlebbrlkx/Build/Intermediates.noindex/SwiftRide.build/Debug-iphonesimulator/SwiftRide.build/swift-overrides.hmap -Xcc -iquote -Xcc /Users/achrip/Library/Developer/Xcode/DerivedData/SwiftRide-auaqlnqxkcwmmqbhqbatlebbrlkx/Build/Intermediates.noindex/SwiftRide.build/Debug-iphonesimulator/SwiftRide.build/SwiftRide-generated-files.hmap -Xcc -I/Users/achrip/Library/Developer/Xcode/DerivedData/SwiftRide-auaqlnqxkcwmmqbhqbatlebbrlkx/Build/Intermediates.noindex/SwiftRide.build/Debug-iphonesimulator/SwiftRide.build/SwiftRide-own-target-headers.hmap -Xcc -I/Users/achrip/Library/Developer/Xcode/DerivedData/SwiftRide-auaqlnqxkcwmmqbhqbatlebbrlkx/Build/Intermediates.noindex/SwiftRide.build/Debug-iphonesimulator/SwiftRide.build/SwiftRide-all-target-headers.hmap -Xcc -iquote -Xcc /Users/achrip/Library/Developer/Xcode/DerivedData/SwiftRide-auaqlnqxkcwmmqbhqbatlebbrlkx/Build/Intermediates.noindex/SwiftRide.build/Debug-iphonesimulator/SwiftRide.build/SwiftRide-project-headers.hmap -Xcc -I/Users/achrip/Library/Developer/Xcode/DerivedData/SwiftRide-auaqlnqxkcwmmqbhqbatlebbrlkx/Build/Products/Debug-iphonesimulator/include -Xcc -I/Users/achrip/Library/Developer/Xcode/DerivedData/SwiftRide-auaqlnqxkcwmmqbhqbatlebbrlkx/Build/Intermediates.noindex/SwiftRide.build/Debug-iphonesimulator/SwiftRide.build/DerivedSources-normal/arm64 -Xcc -I/Users/achrip/Library/Developer/Xcode/DerivedData/SwiftRide-auaqlnqxkcwmmqbhqbatlebbrlkx/Build/Intermediates.noindex/SwiftRide.build/Debug-iphonesimulator/SwiftRide.build/DerivedSources/arm64 -Xcc -I/Users/achrip/Library/Developer/Xcode/DerivedData/SwiftRide-auaqlnqxkcwmmqbhqbatlebbrlkx/Build/Intermediates.noindex/SwiftRide.build/Debug-iphonesimulator/SwiftRide.build/DerivedSources -Xcc -DDEBUG\=1 -module-name SwiftRide -frontend-parseable-output -disable-clang-spi -target-sdk-version 18.4 -target-sdk-name iphonesimulator18.4 -external-plugin-path /Applications/Xcode.app/Contents/Developer/Platforms/iPhoneOS.platform/Developer/usr/lib/swift/host/plugins\#/Applications/Xcode.app/Contents/Developer/Platforms/iPhoneOS.platform/Developer/usr/bin/swift-plugin-server -external-plugin-path /Applications/Xcode.app/Contents/Developer/Platforms/iPhoneOS.platform/Developer/usr/local/lib/swift/host/plugins\#/Applications/Xcode.app/Contents/Developer/Platforms/iPhoneOS.platform/Developer/usr/bin/swift-plugin-server -in-process-plugin-server-path /Applications/Xcode.app/Contents/Developer/Toolchains/XcodeDefault.xctoolchain/usr/lib/swift/host/libSwiftInProcPluginServer.dylib -plugin-path /Applications/Xcode.app/Contents/Developer/Toolchains/XcodeDefault.xctoolchain/usr/lib/swift/host/plugins -plugin-path /Applications/Xcode.app/Contents/Developer/Toolchains/XcodeDefault.xctoolchain/usr/local/lib/swift/host/plugins -o /Users/achrip/Library/Developer/Xcode/DerivedData/SwiftRide-auaqlnqxkcwmmqbhqbatlebbrlkx/Build/Intermediates.noindex/SwiftRide.build/Debug-iphonesimulator/SwiftRide.build/Objects-normal/arm64/DijkstraPathFinder.o -index-unit-output-path /SwiftRide.build/Debug-iphonesimulator/SwiftRide.build/Objects-normal/arm64/DijkstraPathFinder.o -index-store-path /Users/achrip/Library/Developer/Xcode/DerivedData/SwiftRide-auaqlnqxkcwmmqbhqbatlebbrlkx/Index.noindex/DataStore -index-system-modules

SwiftCompile normal arm64 /Users/achrip/projects/Academy/SwiftRide/SwiftRide/Core/Navigation/DijkstraPathFinder.swift (in target 'SwiftRide' from project 'SwiftRide')
    cd /Users/achrip/projects/Academy/SwiftRide
    
@__swiftmacro_9SwiftRide0029DijkstraPathFinderswift_tAFJhfMX56_27_9PredicatefMf_.swift:2:26: error: cannot convert value of type 'PredicateExpressions.Equal<PredicateExpressions.KeyPath<PredicateExpressions.Variable<Stop>, UUID>, PredicateExpressions.KeyPath<PredicateExpressions.Value<StopGraphNode>, UUID>>' to closure result type 'any StandardPredicateExpression<Bool>'
    PredicateExpressions.build_Equal(
    ~~~~~~~~~~~~~~~~~~~~~^~~~~~~~~~~~
/Users/achrip/projects/Academy/SwiftRide/SwiftRide/Core/Navigation/DijkstraPathFinder.swift:57:28: note: in expansion of macro 'Predicate' here
                predicate: #Predicate { $0.id == node.stopID })
                           ^~~~~~~~~~~~~~~~~~~~~~~~~~~~~~~~~~~
/Users/achrip/projects/Academy/SwiftRide/SwiftRide/Core/Navigation/DijkstraPathFinder.swift:57:28: note: in expansion of macro 'Predicate' here
                predicate: #Predicate { $0.id == node.stopID })
                           ^~~~~~~~~~~~~~~~~~~~~~~~~~~~~~~~~~~
/Users/achrip/projects/Academy/SwiftRide/SwiftRide/Core/Navigation/DijkstraPathFinder.swift:84:19: warning: immutable value 'fromSchedule' was never used; consider replacing with '_' or removing it
        guard let fromSchedule = schedules.first(where: { $0.stop.id == fromStopID }),
              ~~~~^~~~~~~~~~~~
              _


Result bundle written to path:
	/Users/achrip/projects/Academy/SwiftRide/.nvim/xcodebuild/build.xcresult


