note: Building targets in dependency order
note: Target dependency graph (1 target)
[SwiftRide] Write Auxiliary File SwiftRide.SwiftFileList
[SwiftRide] Write Auxiliary File SwiftRide.SwiftConstValuesFileList
[SwiftRide] Write Auxiliary File SwiftRide-OutputFileMap.json
[SwiftRide] Write Auxiliary File SwiftRide.LinkFileList
[SwiftRide] Compiling DijkstraPathFinder.swift
[x] @__swiftmacro_9SwiftRide0029DijkstraPathFinderswift_tAFJhfMX56_27_9PredicatefMf_.swift:2:26: cannot convert value of type 'PredicateExpressions.Equal<PredicateExpressions.KeyPath<PredicateExpressions.Variable<Stop>, UUID>, PredicateExpressions.KeyPath<PredicateExpressions.Value<StopGraphNode>, UUID>>' to closure result type 'any StandardPredicateExpression<Bool>'
    PredicateExpressions.build_Equal(
    ~~~~~~~~~~~~~~~~~~~~~^~~~~~~~~~~~
[!]  /Users/achrip/projects/Academy/SwiftRide/SwiftRide/Core/Navigation/DijkstraPathFinder.swift:84:19: immutable value 'fromSchedule' was never used; consider replacing with '_' or removing it
        guard let fromSchedule = schedules.first(where: { $0.stop.id == fromStopID }),
              ~~~~^~~~~~~~~~~~

-----------------------------
-- xcodebuild.nvim summary --
-----------------------------

Warnings:
   /Users/achrip/projects/Academy/SwiftRide/SwiftRide/Core/Navigation/DijkstraPathFinder.swift:84:19
    immutable value 'fromSchedule' was never used; consider replacing with '_' or removing it
            guard let fromSchedule = schedules.first(where: { $0.stop.id == fromStopID }),
                  ~~~~^~~~~~~~~~~~

Errors:
  ✖ @__swiftmacro_9SwiftRide0029DijkstraPathFinderswift_tAFJhfMX56_27_9PredicatefMf_.swift:2:26
    cannot convert value of type 'PredicateExpressions.Equal<PredicateExpressions.KeyPath<PredicateExpressions.Variable<Stop>, UUID>, PredicateExpressions.KeyPath<PredicateExpressions.Value<StopGraphNode>, UUID>>' to closure result type 'any StandardPredicateExpression<Bool>'
        PredicateExpressions.build_Equal(
        ~~~~~~~~~~~~~~~~~~~~~^~~~~~~~~~~~

  Build Failed

